<?xml version="1.0" encoding="UTF-8"?>
<testng-results ignored="0" total="1" passed="1" failed="0" skipped="0">
  <reporter-output>
  </reporter-output>
  <suite started-at="2021-01-02T17:33:20 GMT" name="Suite" finished-at="2021-01-02T17:33:35 GMT" duration-ms="15421">
    <groups>
    </groups>
    <test started-at="2021-01-02T17:33:20 GMT" name="Test" finished-at="2021-01-02T17:33:35 GMT" duration-ms="15421">
      <class name="com.guru99.tests.LoginPageTests">
        <test-method is-config="true" signature="setup()[pri:0, instance:com.guru99.tests.LoginPageTests@31f9b85e]" started-at="2021-01-02T17:33:20 GMT" name="setup" finished-at="2021-01-02T17:33:25 GMT" duration-ms="5409" status="PASS">
          <reporter-output>
          </reporter-output>
        </test-method> <!-- setup -->
        <test-method signature="verifyLogin(java.lang.String, java.lang.String)[pri:0, instance:com.guru99.tests.LoginPageTests@31f9b85e]" started-at="2021-01-02T17:33:25 GMT" name="verifyLogin" finished-at="2021-01-02T17:33:34 GMT" duration-ms="8837" status="PASS">
          <params>
            <param index="0">
              <value>
                <![CDATA[mngr302322]]>
              </value>
            </param>
            <param index="1">
              <value>
                <![CDATA[jUrYnut]]>
              </value>
            </param>
          </params>
          <reporter-output>
          </reporter-output>
        </test-method> <!-- verifyLogin -->
        <test-method is-config="true" signature="cleanUp()[pri:0, instance:com.guru99.tests.LoginPageTests@31f9b85e]" started-at="2021-01-02T17:33:34 GMT" name="cleanUp" finished-at="2021-01-02T17:33:35 GMT" duration-ms="1118" status="PASS">
          <reporter-output>
          </reporter-output>
        </test-method> <!-- cleanUp -->
      </class> <!-- com.guru99.tests.LoginPageTests -->
    </test> <!-- Test -->
  </suite> <!-- Suite -->
</testng-results>
